{"message":"Listening at http://localhost:5000/","level":"info"}
{"message":"Listening at http://localhost:5000/","level":"info"}
{"message":"Listening at http://localhost:5000/","level":"info"}
{"message":"Listening at http://localhost:5000/","level":"info"}
{"message":"Listening at http://localhost:5000/","level":"info"}
{"message":"Listening at http://localhost:5000/","level":"info"}
{"message":"Listening at http://localhost:5000/","level":"info"}
{"message":"Listening at http://localhost:5000/","level":"info"}
{"message":"Listening at http://localhost:5000/","level":"info"}
{"message":"Listening at http://localhost:5000/","level":"info"}
{"message":"Listening at http://localhost:5000/","level":"info"}
{"message":"Listening at http://localhost:5000/","level":"info"}
{"message":"foooooooooooooooooo","level":"info"}
{"message":"Listening at http://localhost:5000/","level":"info"}
{"message":"foooooooooooooooooo","level":"info"}
{"message":"Listening at http://localhost:5000/","level":"info"}
{"message":"foooooooooooooooooo","level":"info"}
{"message":"Listening at http://localhost:5000/","level":"info"}
{"message":"Listening at http://localhost:5000/","level":"info"}
{"message":"Listening at http://localhost:5000/","level":"info"}
{"message":"Listening at http://localhost:5000/","level":"info"}
{"message":"Listening at http://localhost:5000/","level":"info"}
{"message":"Listening at http://localhost:5000/","level":"info"}
{"message":"Listening at http://localhost:5000/","level":"info"}
{"message":"Listening at http://localhost:5000/","level":"info"}
{"message":"Listening at http://localhost:5000/","level":"info"}
{"message":"Listening at http://localhost:5000/","level":"info"}
{"message":"Listening at http://localhost:5000/","level":"info"}
{"message":"Listening at http://localhost:5000/","level":"info"}
{"message":"Listening at http://localhost:5000/","level":"info"}
{"message":"Listening at http://localhost:5000/","level":"info"}
{"message":"Listening at http://localhost:5000/","level":"info"}
{"message":"Ping: success","level":"info"}
{"message":"Ping: success","level":"info"}
{"message":"Ping: success","level":"info"}
{"message":"Listening at http://localhost:5000/","level":"info"}
{"message":"Listening at http://localhost:5000/","level":"info"}
{"message":"Listening at http://localhost:5000/","level":"info"}
{"message":"Listening at http://localhost:5000/","level":"info"}
{"message":"Ping: success","level":"info"}
{"message":"Ping: success","level":"info"}
{"message":"Ping: success","level":"info"}
{"message":"Ping: success","level":"info"}
{"message":"Ping: success","level":"info"}
{"message":"Ping: success","level":"info"}
{"message":"Ping: success","level":"info"}
{"message":"Ping: success","level":"info"}
{"message":"Ping: success","level":"info"}
{"message":"Ping: success","level":"info"}
{"message":"Ping: success","level":"info"}
{"message":"Ping: success","level":"info"}
{"message":"Listening at http://localhost:5000/","level":"info"}
{"message":"Listening at http://localhost:5000/","level":"info"}
{"message":"Ping: success","level":"info"}
{"message":"Listening at http://localhost:5000/","level":"info"}
{"message":"Listening at http://localhost:5000/","level":"info"}
{"message":"Listening at http://localhost:5000/","level":"info"}
{"message":"Listening at http://localhost:5000/","level":"info"}
{"message":"Listening at http://localhost:5000/","level":"info"}
{"message":"Listening at http://localhost:5000/","level":"info"}
{"message":"Listening at http://localhost:5000/","level":"info"}
{"message":"Listening at http://localhost:5000/","level":"info"}
{"message":"Listening at http://localhost:5000/","level":"info"}
{"message":"Listening at http://localhost:5000/","level":"info"}
{"message":"Listening at http://localhost:5000/","level":"info"}
{"message":"Listening at http://localhost:5000/","level":"info"}
{"message":"Listening at http://localhost:5000/","level":"info"}
{"message":"Listening at http://localhost:5000/","level":"info"}
{"message":"Listening at http://localhost:5000/","level":"info"}
{"message":"Listening at http://localhost:5000/","level":"info"}
{"message":"Listening at http://localhost:5000/","level":"info"}
{"message":"Listening at http://localhost:5000/","level":"info"}
{"message":"Listening at http://localhost:5000/","level":"info"}
{"message":"Listening at http://localhost:5000/","level":"info"}
{"message":"Listening at http://localhost:5000/","level":"info"}
{"message":"Listening at http://localhost:5000/","level":"info"}
{"message":"Listening at http://localhost:5000/","level":"info"}
{"message":"Listening at http://localhost:5000/","level":"info"}
{"message":"Listening at http://localhost:5000/","level":"info"}
{"message":"Listening at http://localhost:5000/","level":"info"}
{"message":"Listening at http://localhost:5000/","level":"info"}
{"message":"Listening at http://localhost:5000/","level":"info"}
{"message":"Listening at http://localhost:5000/","level":"info"}
{"message":"Listening at http://localhost:5000/","level":"info"}
{"message":"Listening at http://localhost:5000/","level":"info"}
{"message":"Listening at http://localhost:5000/","level":"info"}
{"message":"Listening at http://localhost:5000/","level":"info"}
{"message":"Listening at http://localhost:5000/","level":"info"}
{"message":"Listening at http://localhost:5000/","level":"info"}
{"message":"Listening at http://localhost:5000/","level":"info"}
{"message":"Listening at http://localhost:5000/","level":"info"}
{"message":"Listening at http://localhost:5000/","level":"info"}
{"message":"Listening at http://localhost:5000/","level":"info"}
{"message":"Listening at http://localhost:5000/","level":"info"}
{"message":"Listening at http://localhost:5000/","level":"info"}
{"message":"Listening at http://localhost:5000/","level":"info"}
{"message":"Listening at http://localhost:5000/","level":"info"}
{"message":"Listening at http://localhost:5000/","level":"info"}
{"message":"Listening at http://localhost:5000/","level":"info"}
{"message":"Listening at http://localhost:5000/","level":"info"}
{"message":"Listening at http://localhost:5000/","level":"info"}
{"message":"Listening at http://localhost:5000/","level":"info"}
{"name":"MongoError","message":"MongoDB connection error:","driver":true,"level":"error"}
{"name":"MongoError","message":"db connection error:","driver":true,"level":"error"}
{"message":"Listening at http://localhost:5000/","level":"info"}
{"message":"Listening at http://localhost:5000/","level":"info"}
{"message":"Listening at http://localhost:5000/","level":"info"}
{"message":"Listening at http://localhost:5000/","level":"info"}
{"message":"Listening at http://localhost:5000/","level":"info"}
{"message":"Listening at http://localhost:5000/","level":"info"}
{"message":"Listening at http://localhost:5000/","level":"info"}
{"message":"Listening at http://localhost:5000/","level":"info"}
{"message":"Listening at http://localhost:5000/","level":"info"}
{"message":"Listening at http://localhost:5000/","level":"info"}
{"message":"Listening at http://localhost:5000/","level":"info"}
{"message":"Listening at http://localhost:5000/","level":"info"}
{"message":"Listening at http://localhost:5000/","level":"info"}
{"message":"Listening at http://localhost:5000/","level":"info"}
{"message":"Listening at http://localhost:5000/","level":"info"}
{"message":"Listening at http://localhost:5000/","level":"info"}
{"message":"Listening at http://localhost:5000/","level":"info"}
{"message":"Listening at http://localhost:5000/","level":"info"}
{"message":"Listening at http://localhost:5000/","level":"info"}
{"message":"Listening at http://localhost:5000/","level":"info"}
{"message":"Listening at http://localhost:5000/","level":"info"}
{"message":"Listening at http://localhost:5000/","level":"info"}
{"message":"Listening at http://localhost:5000/","level":"info"}
